<?xml version="1.0" encoding="UTF-8"?>
<!-- Generated by org.testng.reporters.JUnitXMLReporter -->
<testsuite hostname="SANGEETHA-PC" ignored="3" name="Default test" tests="1" failures="0" timestamp="23 Oct 2020 06:08:40 GMT" time="62.277" errors="0">
  <testcase name="validateTC_N_031" time="32.09" classname="Test.CampusNewsTest"/>
  <testcase name="validateTC_CN_005" time="0.0" classname="Test.CampusNewsTest">
    <ignored/>
  </testcase> <!-- validateTC_CN_005 -->
  <testcase name="validateTC_CN_040" time="0.0" classname="Test.CampusNewsTest">
    <ignored/>
  </testcase> <!-- validateTC_CN_040 -->
  <testcase name="validateTC_CN_010" time="0.0" classname="Test.CampusNewsTest">
    <ignored/>
  </testcase> <!-- validateTC_CN_010 -->
</testsuite> <!-- Default test -->
